mode: atomic
github.com/heroku/instruments/aggregate.go:6.43,8.12 2 4
github.com/heroku/instruments/aggregate.go:11.2,13.13 3 3
github.com/heroku/instruments/aggregate.go:8.12,10.3 1 1
github.com/heroku/instruments/aggregate.go:17.35,18.22 1 1
github.com/heroku/instruments/aggregate.go:21.2,22.27 2 1
github.com/heroku/instruments/aggregate.go:25.2,25.44 1 1
github.com/heroku/instruments/aggregate.go:18.22,20.3 1 0
github.com/heroku/instruments/aggregate.go:22.27,24.3 1 4
github.com/heroku/instruments/aggregate.go:29.43,31.2 1 0
github.com/heroku/instruments/aggregate.go:34.39,35.22 1 0
github.com/heroku/instruments/aggregate.go:38.2,40.27 3 0
github.com/heroku/instruments/aggregate.go:44.2,44.44 1 0
github.com/heroku/instruments/aggregate.go:35.22,37.3 1 0
github.com/heroku/instruments/aggregate.go:40.27,43.3 2 0
github.com/heroku/instruments/aggregate.go:48.32,49.22 1 103
github.com/heroku/instruments/aggregate.go:52.2,52.22 1 100
github.com/heroku/instruments/aggregate.go:55.2,56.35 2 94
github.com/heroku/instruments/aggregate.go:62.2,62.12 1 94
github.com/heroku/instruments/aggregate.go:49.22,51.3 1 3
github.com/heroku/instruments/aggregate.go:52.22,54.3 1 6
github.com/heroku/instruments/aggregate.go:56.35,58.14 2 2351
github.com/heroku/instruments/aggregate.go:58.14,60.4 1 232
github.com/heroku/instruments/aggregate.go:66.32,67.22 1 103
github.com/heroku/instruments/aggregate.go:70.2,70.22 1 101
github.com/heroku/instruments/aggregate.go:73.2,74.35 2 99
github.com/heroku/instruments/aggregate.go:80.2,80.12 1 99
github.com/heroku/instruments/aggregate.go:67.22,69.3 1 2
github.com/heroku/instruments/aggregate.go:70.22,72.3 1 2
github.com/heroku/instruments/aggregate.go:74.35,76.14 2 2105
github.com/heroku/instruments/aggregate.go:76.14,78.4 1 257
github.com/heroku/instruments/instruments.go:73.40,75.2 1 2
github.com/heroku/instruments/instruments.go:83.28,85.2 1 102
github.com/heroku/instruments/instruments.go:88.35,90.2 1 12447
github.com/heroku/instruments/instruments.go:93.36,95.2 1 102
github.com/heroku/instruments/instruments.go:106.22,108.2 1 2
github.com/heroku/instruments/instruments.go:111.42,117.2 1 2
github.com/heroku/instruments/instruments.go:120.32,122.2 1 10001
github.com/heroku/instruments/instruments.go:126.33,134.2 7 2
github.com/heroku/instruments/instruments.go:143.33,148.2 1 1
github.com/heroku/instruments/instruments.go:151.55,156.2 1 0
github.com/heroku/instruments/instruments.go:159.34,162.2 2 1
github.com/heroku/instruments/instruments.go:166.35,168.2 1 0
github.com/heroku/instruments/instruments.go:181.42,182.15 1 2
github.com/heroku/instruments/instruments.go:185.2,187.3 1 2
github.com/heroku/instruments/instruments.go:182.15,184.3 1 1
github.com/heroku/instruments/instruments.go:192.37,196.29 4 9
github.com/heroku/instruments/instruments.go:196.29,199.3 1 8
github.com/heroku/instruments/instruments.go:199.8,202.29 2 1
github.com/heroku/instruments/instruments.go:202.29,204.4 1 1
github.com/heroku/instruments/instruments.go:209.40,218.2 8 4
github.com/heroku/instruments/instruments.go:226.31,230.2 1 1
github.com/heroku/instruments/instruments.go:233.33,235.2 1 1
github.com/heroku/instruments/instruments.go:238.34,240.2 1 1
github.com/heroku/instruments/instruments.go:248.34,252.2 1 1
github.com/heroku/instruments/instruments.go:255.41,258.2 2 1
github.com/heroku/instruments/instruments.go:261.36,263.2 1 1
github.com/heroku/instruments/instruments.go:266.40,268.2 1 0
github.com/heroku/instruments/instruments.go:271.32,275.2 3 1
github.com/heroku/instruments/math.go:10.31,12.2 1 205
github.com/heroku/instruments/math.go:14.36,16.2 1 2
github.com/heroku/instruments/math.go:18.41,20.2 1 348
github.com/heroku/instruments/math.go:22.27,24.2 1 4
github.com/heroku/instruments/math.go:26.34,28.2 1 201
github.com/heroku/instruments/math.go:30.24,31.12 1 7
github.com/heroku/instruments/math.go:34.2,34.10 1 4
github.com/heroku/instruments/math.go:31.12,33.3 1 3
github.com/heroku/instruments/math.go:38.28,40.2 1 7
github.com/heroku/instruments/math.go:43.29,45.2 1 4
github.com/heroku/instruments/runtime/runtime.go:21.32,25.2 1 0
github.com/heroku/instruments/runtime/runtime.go:28.30,34.2 4 0
github.com/heroku/instruments/runtime/runtime.go:37.38,39.2 1 0
github.com/heroku/instruments/runtime/runtime.go:49.22,53.2 1 0
github.com/heroku/instruments/runtime/runtime.go:56.26,62.2 4 0
github.com/heroku/instruments/runtime/runtime.go:65.34,67.2 1 0
github.com/heroku/instruments/runtime/runtime.go:77.24,81.2 1 0
github.com/heroku/instruments/runtime/runtime.go:84.26,90.2 4 0
github.com/heroku/instruments/runtime/runtime.go:93.34,95.2 1 0
github.com/heroku/instruments/runtime/runtime.go:103.32,107.2 1 0
github.com/heroku/instruments/runtime/runtime.go:110.31,112.2 1 0
github.com/heroku/instruments/runtime/runtime.go:115.39,117.2 1 0
github.com/heroku/instruments/runtime/runtime.go:125.20,129.2 1 0
github.com/heroku/instruments/runtime/runtime.go:132.24,134.2 1 0
github.com/heroku/instruments/runtime/runtime.go:137.32,139.2 1 0
github.com/heroku/instruments/runtime/runtime.go:149.24,153.2 1 0
github.com/heroku/instruments/runtime/runtime.go:156.26,162.2 4 0
github.com/heroku/instruments/runtime/runtime.go:165.34,167.2 1 0
github.com/heroku/instruments/runtime/runtime.go:177.28,181.2 1 0
github.com/heroku/instruments/runtime/runtime.go:184.28,190.2 4 0
github.com/heroku/instruments/runtime/runtime.go:193.36,195.2 1 0
github.com/heroku/instruments/runtime/runtime.go:205.28,209.2 1 0
github.com/heroku/instruments/runtime/runtime.go:212.28,218.2 4 0
github.com/heroku/instruments/runtime/runtime.go:221.36,223.2 1 0
github.com/heroku/instruments/runtime/runtime.go:234.36,238.2 1 1
github.com/heroku/instruments/runtime/runtime.go:241.27,249.53 7 4
github.com/heroku/instruments/runtime/runtime.go:249.53,250.50 1 1
github.com/heroku/instruments/runtime/runtime.go:250.50,252.4 1 256
github.com/heroku/instruments/runtime/runtime.go:253.8,254.12 1 3
github.com/heroku/instruments/runtime/runtime.go:260.3,260.20 1 3
github.com/heroku/instruments/runtime/runtime.go:254.12,255.46 1 0
github.com/heroku/instruments/runtime/runtime.go:258.4,258.9 1 0
github.com/heroku/instruments/runtime/runtime.go:255.46,257.5 1 0
github.com/heroku/instruments/runtime/runtime.go:260.20,262.4 1 3
github.com/heroku/instruments/runtime/runtime.go:267.37,269.2 1 4
github.com/heroku/instruments/reporter/librato.go:28.31,30.12 2 0
github.com/heroku/instruments/reporter/librato.go:34.2,34.12 1 0
github.com/heroku/instruments/reporter/librato.go:30.12,32.3 1 0
github.com/heroku/instruments/reporter/librato.go:37.38,38.24 1 0
github.com/heroku/instruments/reporter/librato.go:42.2,43.16 2 0
github.com/heroku/instruments/reporter/librato.go:47.2,48.16 2 0
github.com/heroku/instruments/reporter/librato.go:52.2,56.16 4 0
github.com/heroku/instruments/reporter/librato.go:59.2,61.38 2 0
github.com/heroku/instruments/reporter/librato.go:65.2,65.12 1 0
github.com/heroku/instruments/reporter/librato.go:38.24,40.3 1 0
github.com/heroku/instruments/reporter/librato.go:43.16,45.3 1 0
github.com/heroku/instruments/reporter/librato.go:48.16,50.3 1 0
github.com/heroku/instruments/reporter/librato.go:56.16,58.3 1 0
github.com/heroku/instruments/reporter/librato.go:61.38,63.3 1 0
github.com/heroku/instruments/reporter/librato.go:69.73,75.32 2 0
github.com/heroku/instruments/reporter/librato.go:75.32,81.37 2 0
github.com/heroku/instruments/reporter/librato.go:96.3,97.17 2 0
github.com/heroku/instruments/reporter/librato.go:81.37,83.25 2 0
github.com/heroku/instruments/reporter/librato.go:89.4,93.6 1 0
github.com/heroku/instruments/reporter/librato.go:84.30,85.21 1 0
github.com/heroku/instruments/reporter/librato.go:86.28,87.49 1 0
github.com/heroku/instruments/reporter/librato.go:97.17,99.4 1 0
github.com/heroku/instruments/reporter/log.go:14.55,15.25 1 0
github.com/heroku/instruments/reporter/log.go:15.25,17.37 2 0
github.com/heroku/instruments/reporter/log.go:27.3,27.74 1 0
github.com/heroku/instruments/reporter/log.go:17.37,18.25 1 0
github.com/heroku/instruments/reporter/log.go:19.30,21.61 2 0
github.com/heroku/instruments/reporter/log.go:22.28,24.61 2 0
github.com/heroku/instruments/reporter/registry.go:13.55,15.2 1 0
github.com/heroku/instruments/reporter/registry.go:18.35,20.2 1 0
github.com/heroku/instruments/reporter/registry.go:23.30,25.2 1 0
github.com/heroku/instruments/reporter/registry.go:28.40,30.2 1 0
github.com/heroku/instruments/reporter/registry.go:39.30,43.2 1 5
github.com/heroku/instruments/reporter/registry.go:46.49,50.2 3 1
github.com/heroku/instruments/reporter/registry.go:53.69,56.18 3 5
github.com/heroku/instruments/reporter/registry.go:65.2,65.12 1 0
github.com/heroku/instruments/reporter/registry.go:57.48,59.14 2 5
github.com/heroku/instruments/reporter/registry.go:62.3,63.11 2 4
github.com/heroku/instruments/reporter/registry.go:59.14,61.4 1 1
github.com/heroku/instruments/reporter/registry.go:69.44,73.2 3 1
github.com/heroku/instruments/reporter/registry.go:76.54,82.2 5 1
github.com/heroku/instruments/reporter/registry.go:85.57,90.2 4 3
github.com/heroku/instruments/reporter/registry.go:93.31,97.2 3 2
github.com/heroku/instruments/reporter/registry.go:99.61,103.2 3 0
github.com/heroku/instruments/reporter/registry.go:105.55,109.2 3 0
github.com/heroku/instruments/reporter/registry.go:111.72,115.2 3 0
github.com/heroku/instruments/reporter/registry.go:117.77,121.2 3 0
github.com/heroku/instruments/reporter/registry.go:123.70,127.2 3 0
github.com/heroku/instruments/reporter/registry.go:129.69,133.2 3 0
